

Microchip MPLAB XC8 Assembler V2.46 build 20240104201356 
                                                                                               Sat Oct 05 22:08:40 2024

Microchip MPLAB XC8 C Compiler v2.46 (Free license) build 20240104201356 Og1 
     1                           	processor	16F877A
     2                           	pagewidth 120
     3                           	opt	flic
     4                           	psect	idataCOMMON,global,class=CODE,delta=2,noexec
     5                           	psect	cinit,global,class=CODE,merge=1,delta=2
     6                           	psect	dataCOMMON,global,class=COMMON,space=1,delta=1,noexec
     7                           	psect	cstackCOMMON,global,class=COMMON,space=1,delta=1,noexec
     8                           	psect	maintext,global,class=CODE,split=1,delta=2
     9                           	psect	text1,local,class=CODE,merge=1,delta=2
    10                           	psect	text2,local,class=CODE,merge=1,delta=2
    11                           	psect	text3,local,class=CODE,merge=1,delta=2
    12                           	dabs	1,0x7E,2
    13     0000                     
    14                           ; Generated 12/10/2023 GMT
    15                           ; 
    16                           ; Copyright © 2023, Microchip Technology Inc. and its subsidiaries ("Microchip")
    17                           ; All rights reserved.
    18                           ; 
    19                           ; This software is developed by Microchip Technology Inc. and its subsidiaries ("Microch
      +                          ip").
    20                           ; 
    21                           ; Redistribution and use in source and binary forms, with or without modification, are
    22                           ; permitted provided that the following conditions are met:
    23                           ; 
    24                           ;     1. Redistributions of source code must retain the above copyright notice, this lis
      +                          t of
    25                           ;        conditions and the following disclaimer.
    26                           ; 
    27                           ;     2. Redistributions in binary form must reproduce the above copyright notice, this 
      +                          list
    28                           ;        of conditions and the following disclaimer in the documentation and/or other
    29                           ;        materials provided with the distribution. Publication is not required when
    30                           ;        this file is used in an embedded application.
    31                           ; 
    32                           ;     3. Microchip's name may not be used to endorse or promote products derived from th
      +                          is
    33                           ;        software without specific prior written permission.
    34                           ; 
    35                           ; THIS SOFTWARE IS PROVIDED BY MICROCHIP "AS IS" AND ANY EXPRESS OR IMPLIED WARRANTIES,
    36                           ; INCLUDING, BUT NOT LIMITED TO, THE IMPLIED WARRANTIES OF MERCHANTABILITY AND FITNESS F
      +                          OR
    37                           ; PURPOSE ARE DISCLAIMED.  IN NO EVENT SHALL MICROCHIP BE LIABLE FOR ANY DIRECT, INDIREC
      +                          T,
    38                           ; INCIDENTAL, SPECIAL, EXEMPLARY, OR CONSEQUENTIAL DAMAGES (INCLUDING BUT NOT LIMITED TO
    39                           ; PROCUREMENT OF SUBSTITUTE GOODS OR SERVICES; LOSS OF USE, DATA OR PROFITS; OR BUSINESS
    40                           ; INTERRUPTION) HOWSOEVER CAUSED AND ON ANY THEORY OF LIABILITY, WHETHER IN CONTRACT, ST
      +                          RICT
    41                           ; LIABILITY, OR TORT (INCLUDING NEGLIGENCE OR OTHERWISE) ARISING IN ANY WAY OUT OF THE U
      +                          SE OF
    42                           ; THIS SOFTWARE, EVEN IF ADVISED OF THE POSSIBILITY OF SUCH DAMAGE.
    43                           ; 
    44                           ; 
    45                           ; Code-generator required, PIC16F877A Definitions
    46                           ; 
    47                           ; SFR Addresses
    48     0000                     	;# 
    49     0001                     	;# 
    50     0002                     	;# 
    51     0003                     	;# 
    52     0004                     	;# 
    53     0005                     	;# 
    54     0006                     	;# 
    55     0007                     	;# 
    56     0008                     	;# 
    57     0009                     	;# 
    58     000A                     	;# 
    59     000B                     	;# 
    60     000C                     	;# 
    61     000D                     	;# 
    62     000E                     	;# 
    63     000E                     	;# 
    64     000F                     	;# 
    65     0010                     	;# 
    66     0011                     	;# 
    67     0012                     	;# 
    68     0013                     	;# 
    69     0014                     	;# 
    70     0015                     	;# 
    71     0015                     	;# 
    72     0016                     	;# 
    73     0017                     	;# 
    74     0018                     	;# 
    75     0019                     	;# 
    76     001A                     	;# 
    77     001B                     	;# 
    78     001B                     	;# 
    79     001C                     	;# 
    80     001D                     	;# 
    81     001E                     	;# 
    82     001F                     	;# 
    83     0081                     	;# 
    84     0085                     	;# 
    85     0086                     	;# 
    86     0087                     	;# 
    87     0088                     	;# 
    88     0089                     	;# 
    89     008C                     	;# 
    90     008D                     	;# 
    91     008E                     	;# 
    92     0091                     	;# 
    93     0092                     	;# 
    94     0093                     	;# 
    95     0094                     	;# 
    96     0098                     	;# 
    97     0099                     	;# 
    98     009C                     	;# 
    99     009D                     	;# 
   100     009E                     	;# 
   101     009F                     	;# 
   102     010C                     	;# 
   103     010D                     	;# 
   104     010E                     	;# 
   105     010F                     	;# 
   106     018C                     	;# 
   107     018D                     	;# 
   108     0000                     	;# 
   109     0001                     	;# 
   110     0002                     	;# 
   111     0003                     	;# 
   112     0004                     	;# 
   113     0005                     	;# 
   114     0006                     	;# 
   115     0007                     	;# 
   116     0008                     	;# 
   117     0009                     	;# 
   118     000A                     	;# 
   119     000B                     	;# 
   120     000C                     	;# 
   121     000D                     	;# 
   122     000E                     	;# 
   123     000E                     	;# 
   124     000F                     	;# 
   125     0010                     	;# 
   126     0011                     	;# 
   127     0012                     	;# 
   128     0013                     	;# 
   129     0014                     	;# 
   130     0015                     	;# 
   131     0015                     	;# 
   132     0016                     	;# 
   133     0017                     	;# 
   134     0018                     	;# 
   135     0019                     	;# 
   136     001A                     	;# 
   137     001B                     	;# 
   138     001B                     	;# 
   139     001C                     	;# 
   140     001D                     	;# 
   141     001E                     	;# 
   142     001F                     	;# 
   143     0081                     	;# 
   144     0085                     	;# 
   145     0086                     	;# 
   146     0087                     	;# 
   147     0088                     	;# 
   148     0089                     	;# 
   149     008C                     	;# 
   150     008D                     	;# 
   151     008E                     	;# 
   152     0091                     	;# 
   153     0092                     	;# 
   154     0093                     	;# 
   155     0094                     	;# 
   156     0098                     	;# 
   157     0099                     	;# 
   158     009C                     	;# 
   159     009D                     	;# 
   160     009E                     	;# 
   161     009F                     	;# 
   162     010C                     	;# 
   163     010D                     	;# 
   164     010E                     	;# 
   165     010F                     	;# 
   166     018C                     	;# 
   167     018D                     	;# 
   168                           
   169                           	psect	idataCOMMON
   170     07AE                     __pidataCOMMON:
   171                           
   172                           ;initializer for _ipop_decide
   173     07AE  3407               	retlw	7
   174     07AF  3400               	retlw	0
   175                           
   176                           ;initializer for _ipop_select
   177     07B0  3487               	retlw	135
   178     07B1  3400               	retlw	0
   179                           
   180                           	psect	cinit
   181     07E4                     start_initialization:	
   182                           ; #config settings
   183                           
   184     07E4                     __initialization:
   185                           
   186                           ; Initialize objects allocated to COMMON
   187     07E4  120A  118A  27AE  120A  118A  	fcall	__pidataCOMMON	;fetch initializer
   188     07E9  00F0               	movwf	__pdataCOMMON& (0+127)
   189     07EA  120A  118A  27AF  120A  118A  	fcall	__pidataCOMMON+1	;fetch initializer
   190     07EF  00F1               	movwf	(__pdataCOMMON+1)& (0+127)
   191     07F0  120A  118A  27B0  120A  118A  	fcall	__pidataCOMMON+2	;fetch initializer
   192     07F5  00F2               	movwf	(__pdataCOMMON+2)& (0+127)
   193     07F6  120A  118A  27B1  120A  118A  	fcall	__pidataCOMMON+3	;fetch initializer
   194     07FB  00F3               	movwf	(__pdataCOMMON+3)& (0+127)
   195     07FC                     end_of_initialization:	
   196                           ;End of C runtime variable initialization code
   197                           
   198     07FC                     __end_of__initialization:
   199     07FC  0183               	clrf	3
   200     07FD  120A  118A  2FB7   	ljmp	_main	;jump to C main() function
   201                           
   202                           	psect	dataCOMMON
   203     0070                     __pdataCOMMON:
   204     0070                     _ipop_decide:
   205     0070                     	ds	2
   206     0072                     _ipop_select:
   207     0072                     	ds	2
   208                           
   209                           	psect	cstackCOMMON
   210     0074                     __pcstackCOMMON:
   211     0074                     ?_led:
   212     0074                     ??_led:	
   213                           ; 1 bytes @ 0x0
   214                           
   215     0074                     ?_led_on:	
   216                           ; 1 bytes @ 0x0
   217                           
   218     0074                     ??_led_on:	
   219                           ; 1 bytes @ 0x0
   220                           
   221     0074                     ?_led_off:	
   222                           ; 1 bytes @ 0x0
   223                           
   224     0074                     ??_led_off:	
   225                           ; 1 bytes @ 0x0
   226                           
   227     0074                     ?_main:	
   228                           ; 1 bytes @ 0x0
   229                           
   230     0074                     ??_main:	
   231                           ; 1 bytes @ 0x0
   232                           
   233                           
   234                           ; 1 bytes @ 0x0
   235     0074                     	ds	3
   236                           
   237                           	psect	maintext
   238     07B7                     __pmaintext:	
   239 ;;
   240 ;;Main: autosize = 0, tempsize = 3, incstack = 0, save=0
   241 ;;
   242 ;; *************** function _main *****************
   243 ;; Defined at:
   244 ;;		line 5 in file "MAIN.c"
   245 ;; Parameters:    Size  Location     Type
   246 ;;		None
   247 ;; Auto vars:     Size  Location     Type
   248 ;;		None
   249 ;; Return value:  Size  Location     Type
   250 ;;                  1    wreg      void 
   251 ;; Registers used:
   252 ;;		wreg, status,2, status,0, pclath, cstack
   253 ;; Tracked objects:
   254 ;;		On entry : B00/0
   255 ;;		On exit  : 0/0
   256 ;;		Unchanged: 0/0
   257 ;; Data sizes:     COMMON   BANK0   BANK1   BANK3   BANK2
   258 ;;      Params:         0       0       0       0       0
   259 ;;      Locals:         0       0       0       0       0
   260 ;;      Temps:          3       0       0       0       0
   261 ;;      Totals:         3       0       0       0       0
   262 ;;Total ram usage:        3 bytes
   263 ;; Hardware stack levels required when called: 1
   264 ;; This function calls:
   265 ;;		_led
   266 ;;		_led_off
   267 ;;		_led_on
   268 ;; This function is called by:
   269 ;;		Startup code after reset
   270 ;; This function uses a non-reentrant model
   271 ;;
   272                           
   273     07B7                     _main:	
   274                           ;psect for function _main
   275                           
   276     07B7                     l579:	
   277                           ;incstack = 0
   278                           ; Regs used in _main: [wreg+status,2+status,0+pclath+cstack]
   279                           
   280                           
   281                           ;MAIN.c: 6:     led();
   282     07B7  120A  118A  27A6  120A  118A  	fcall	_led
   283     07BC                     l581:
   284                           
   285                           ;MAIN.c: 8:         led_on();
   286     07BC  120A  118A  27B2  120A  118A  	fcall	_led_on
   287                           
   288                           ;MAIN.c: 9:         _delay((unsigned long)((3000)*(6000000/4000.0)));
   289     07C1  3017               	movlw	23
   290     07C2  00F6               	movwf	??_main+2
   291     07C3  30D5               	movlw	213
   292     07C4  00F5               	movwf	??_main+1
   293     07C5  3016               	movlw	22
   294     07C6  00F4               	movwf	??_main
   295     07C7                     u17:
   296     07C7  0BF4               	decfsz	??_main,f
   297     07C8  2FC7               	goto	u17
   298     07C9  0BF5               	decfsz	??_main+1,f
   299     07CA  2FC7               	goto	u17
   300     07CB  0BF6               	decfsz	??_main+2,f
   301     07CC  2FC7               	goto	u17
   302     07CD  0000               	nop
   303     07CE                     l583:
   304                           
   305                           ;MAIN.c: 10:         led_off();
   306     07CE  120A  118A  27AA  120A  118A  	fcall	_led_off
   307     07D3                     l585:
   308                           
   309                           ;MAIN.c: 11:         _delay((unsigned long)((3000)*(6000000/4000.0)));
   310     07D3  3017               	movlw	23
   311     07D4  00F6               	movwf	??_main+2
   312     07D5  30D5               	movlw	213
   313     07D6  00F5               	movwf	??_main+1
   314     07D7  3016               	movlw	22
   315     07D8  00F4               	movwf	??_main
   316     07D9                     u27:
   317     07D9  0BF4               	decfsz	??_main,f
   318     07DA  2FD9               	goto	u27
   319     07DB  0BF5               	decfsz	??_main+1,f
   320     07DC  2FD9               	goto	u27
   321     07DD  0BF6               	decfsz	??_main+2,f
   322     07DE  2FD9               	goto	u27
   323     07DF  0000               	nop
   324     07E0  2FBC               	goto	l581
   325     07E1  120A  118A  2800   	ljmp	start
   326     07E4                     __end_of_main:
   327                           
   328                           	psect	text1
   329     07B2                     __ptext1:	
   330 ;; *************** function _led_on *****************
   331 ;; Defined at:
   332 ;;		line 8 in file "led.c"
   333 ;; Parameters:    Size  Location     Type
   334 ;;		None
   335 ;; Auto vars:     Size  Location     Type
   336 ;;		None
   337 ;; Return value:  Size  Location     Type
   338 ;;                  1    wreg      void 
   339 ;; Registers used:
   340 ;;		wreg
   341 ;; Tracked objects:
   342 ;;		On entry : 0/0
   343 ;;		On exit  : 0/0
   344 ;;		Unchanged: 0/0
   345 ;; Data sizes:     COMMON   BANK0   BANK1   BANK3   BANK2
   346 ;;      Params:         0       0       0       0       0
   347 ;;      Locals:         0       0       0       0       0
   348 ;;      Temps:          0       0       0       0       0
   349 ;;      Totals:         0       0       0       0       0
   350 ;;Total ram usage:        0 bytes
   351 ;; Hardware stack levels used: 1
   352 ;; This function calls:
   353 ;;		Nothing
   354 ;; This function is called by:
   355 ;;		_main
   356 ;; This function uses a non-reentrant model
   357 ;;
   358                           
   359     07B2                     _led_on:	
   360                           ;psect for function _led_on
   361                           
   362     07B2                     l575:	
   363                           ;incstack = 0
   364                           ; Regs used in _led_on: [wreg]
   365                           
   366                           
   367                           ;led.c: 9:     *ipop_decide = 0x20;
   368     07B2  3020               	movlw	32
   369     07B3  1283               	bcf	3,5	;RP0=0, select bank0
   370     07B4  1303               	bcf	3,6	;RP1=0, select bank0
   371     07B5  0087               	movwf	7
   372     07B6                     l26:
   373     07B6  0008               	return
   374     07B7                     __end_of_led_on:
   375                           
   376                           	psect	text2
   377     07AA                     __ptext2:	
   378 ;; *************** function _led_off *****************
   379 ;; Defined at:
   380 ;;		line 12 in file "led.c"
   381 ;; Parameters:    Size  Location     Type
   382 ;;		None
   383 ;; Auto vars:     Size  Location     Type
   384 ;;		None
   385 ;; Return value:  Size  Location     Type
   386 ;;                  1    wreg      void 
   387 ;; Registers used:
   388 ;;		status,2
   389 ;; Tracked objects:
   390 ;;		On entry : 0/0
   391 ;;		On exit  : 0/0
   392 ;;		Unchanged: 0/0
   393 ;; Data sizes:     COMMON   BANK0   BANK1   BANK3   BANK2
   394 ;;      Params:         0       0       0       0       0
   395 ;;      Locals:         0       0       0       0       0
   396 ;;      Temps:          0       0       0       0       0
   397 ;;      Totals:         0       0       0       0       0
   398 ;;Total ram usage:        0 bytes
   399 ;; Hardware stack levels used: 1
   400 ;; This function calls:
   401 ;;		Nothing
   402 ;; This function is called by:
   403 ;;		_main
   404 ;; This function uses a non-reentrant model
   405 ;;
   406                           
   407     07AA                     _led_off:	
   408                           ;psect for function _led_off
   409                           
   410     07AA                     l577:	
   411                           ;incstack = 0
   412                           ; Regs used in _led_off: [status,2]
   413                           
   414                           
   415                           ;led.c: 13:     *ipop_decide = 0x00;
   416     07AA  1283               	bcf	3,5	;RP0=0, select bank0
   417     07AB  1303               	bcf	3,6	;RP1=0, select bank0
   418     07AC  0187               	clrf	7
   419     07AD                     l29:
   420     07AD  0008               	return
   421     07AE                     __end_of_led_off:
   422                           
   423                           	psect	text3
   424     07A6                     __ptext3:	
   425 ;; *************** function _led *****************
   426 ;; Defined at:
   427 ;;		line 4 in file "led.c"
   428 ;; Parameters:    Size  Location     Type
   429 ;;		None
   430 ;; Auto vars:     Size  Location     Type
   431 ;;		None
   432 ;; Return value:  Size  Location     Type
   433 ;;                  1    wreg      void 
   434 ;; Registers used:
   435 ;;		status,2
   436 ;; Tracked objects:
   437 ;;		On entry : 0/0
   438 ;;		On exit  : 0/0
   439 ;;		Unchanged: 0/0
   440 ;; Data sizes:     COMMON   BANK0   BANK1   BANK3   BANK2
   441 ;;      Params:         0       0       0       0       0
   442 ;;      Locals:         0       0       0       0       0
   443 ;;      Temps:          0       0       0       0       0
   444 ;;      Totals:         0       0       0       0       0
   445 ;;Total ram usage:        0 bytes
   446 ;; Hardware stack levels used: 1
   447 ;; This function calls:
   448 ;;		Nothing
   449 ;; This function is called by:
   450 ;;		_main
   451 ;; This function uses a non-reentrant model
   452 ;;
   453                           
   454     07A6                     _led:	
   455                           ;psect for function _led
   456                           
   457     07A6                     l573:	
   458                           ;incstack = 0
   459                           ; Regs used in _led: [status,2]
   460                           
   461                           
   462                           ;led.c: 5:     *ipop_select = 0x00;
   463     07A6  1683               	bsf	3,5	;RP0=1, select bank1
   464     07A7  1303               	bcf	3,6	;RP1=0, select bank1
   465     07A8  0187               	clrf	7
   466     07A9                     l23:
   467     07A9  0008               	return
   468     07AA                     __end_of_led:
   469     007E                     btemp	set	126	;btemp
   470     007E                     wtemp0	set	126

Data Sizes:
    Strings     0
    Constant    0
    Data        4
    BSS         0
    Persistent  0
    Stack       0

Auto Spaces:
    Space          Size  Autos    Used
    COMMON           14      3       7
    BANK0            80      0       0
    BANK1            80      0       0
    BANK3            96      0       0
    BANK2            96      0       0

Pointer List with Targets:

    ipop_decide	PTR unsigned char  size(2) Largest target is 512
		 -> RAM(DATA[512]), 

    ipop_select	PTR unsigned char  size(2) Largest target is 512
		 -> RAM(DATA[512]), 


Critical Paths under _main in COMMON

    None.

Critical Paths under _main in BANK0

    None.

Critical Paths under _main in BANK1

    None.

Critical Paths under _main in BANK3

    None.

Critical Paths under _main in BANK2

    None.

Call Graph Tables:

 ---------------------------------------------------------------------------------
 (Depth) Function   	        Calls       Base Space   Used Autos Params    Refs
 ---------------------------------------------------------------------------------
 (0) _main                                                 3     3      0       0
                                              0 COMMON     3     3      0
                                _led
                            _led_off
                             _led_on
 ---------------------------------------------------------------------------------
 (1) _led_on                                               0     0      0       0
 ---------------------------------------------------------------------------------
 (1) _led_off                                              0     0      0       0
 ---------------------------------------------------------------------------------
 (1) _led                                                  0     0      0       0
 ---------------------------------------------------------------------------------
 Estimated maximum stack depth 1
 ---------------------------------------------------------------------------------

 Call Graph Graphs:

 _main (ROOT)
   _led
   _led_off
   _led_on

 Address spaces:
Name               Size   Autos  Total    Cost      Usage
BANK3               60      0       0       9        0.0%
BITBANK3            60      0       0       8        0.0%
SFR3                 0      0       0       4        0.0%
BITSFR3              0      0       0       4        0.0%
BANK2               60      0       0      11        0.0%
BITBANK2            60      0       0      10        0.0%
SFR2                 0      0       0       5        0.0%
BITSFR2              0      0       0       5        0.0%
BANK1               50      0       0       7        0.0%
BITBANK1            50      0       0       6        0.0%
SFR1                 0      0       0       2        0.0%
BITSFR1              0      0       0       2        0.0%
BANK0               50      0       0       5        0.0%
BITBANK0            50      0       0       4        0.0%
SFR0                 0      0       0       1        0.0%
BITSFR0              0      0       0       1        0.0%
COMMON               E      3       7       1       50.0%
BITCOMMON            E      0       0       0        0.0%
CODE                 0      0       0       0        0.0%
DATA                 0      0       7      12        0.0%
ABS                  0      0       7       3        0.0%
NULL                 0      0       0       0        0.0%
STACK                0      0       0       2        0.0%
EEDATA             100      0       0       0        0.0%


Microchip Technology PIC Macro Assembler V2.46 build 20240104201356 
Symbol Table                                                                                   Sat Oct 05 22:08:40 2024

                     l23 07A9                       l26 07B6                       l29 07AD  
                     u17 07C7                       u27 07D9                      l573 07A6  
                    l581 07BC                      l575 07B2                      l583 07CE  
                    l577 07AA                      l585 07D3                      l579 07B7  
                    _led 07A6                     ?_led 0074                     _main 07B7  
                   btemp 007E                     start 0000                    ??_led 0074  
                  ?_main 0074          __end_of_led_off 07AE                    status 0003  
                  wtemp0 007E          __initialization 07E4             __end_of_main 07E4  
                 ??_main 0074                   _led_on 07B2                ??_led_off 0074  
           __pdataCOMMON 0070  __end_of__initialization 07FC           __pcstackCOMMON 0074  
             __pmaintext 07B7                  ?_led_on 0074                  __ptext1 07B2  
                __ptext2 07AA                  __ptext3 07A6                  _led_off 07AA  
   end_of_initialization 07FC            __pidataCOMMON 07AE           __end_of_led_on 07B7  
    start_initialization 07E4              __end_of_led 07AA                 ??_led_on 0074  
              ___latbits 0002                 ?_led_off 0074              _ipop_decide 0070  
            _ipop_select 0072  
